[2026-04-10 14:01:57] ✅ Marketing OK — 1000ms
[2026-04-10 14:02:01] 🟡 Intranet LENTO — 4000ms
[2026-04-10 14:02:01] ✅ VOY OK — 0ms
[2026-04-10 14:02:06] 🟡 Intranet QAS LENTO — 5000ms
[2026-04-10 14:06:52] ✅ Marketing OK — 2000ms
[2026-04-10 14:06:56] ✅ Intranet OK — 4000ms
[2026-04-10 14:06:56] ✅ VOY OK — 0ms
[2026-04-10 14:07:00] ✅ Intranet QAS OK — 4000ms
[2026-04-10 14:12:01] ✅ Marketing OK — 1000ms
[2026-04-10 14:12:02] ✅ Intranet OK — 1000ms
[2026-04-10 14:12:02] ✅ VOY OK — 0ms
[2026-04-10 14:12:03] ✅ Intranet QAS OK — 0ms
[2026-04-10 14:17:04] ✅ Marketing OK — 1000ms
[2026-04-10 14:17:04] ✅ Intranet OK — 0ms
[2026-04-10 14:17:05] ✅ VOY OK — 1000ms
[2026-04-10 14:17:09] ✅ Intranet QAS OK — 4000ms
[2026-04-10 14:22:10] ✅ Marketing OK — 0ms
[2026-04-10 14:22:10] ✅ Intranet OK — 0ms
[2026-04-10 14:22:11] ✅ VOY OK — 1000ms
[2026-04-10 14:22:11] ✅ Intranet QAS OK — 0ms
[2026-04-10 14:27:12] ✅ Marketing OK — 1000ms
[2026-04-10 14:27:12] ✅ Intranet OK — 0ms
[2026-04-10 14:27:13] ✅ VOY OK — 1000ms
[2026-04-10 14:27:13] ✅ Intranet QAS OK — 0ms
[2026-04-10 14:32:14] ✅ Marketing OK — 1000ms
[2026-04-10 14:32:15] ✅ Intranet OK — 1000ms
[2026-04-10 14:32:15] ✅ VOY OK — 0ms
[2026-04-10 14:32:15] ✅ Intranet QAS OK — 0ms
